<?xml version="1.0" encoding="UTF-8"?>
<!-- Generated by org.testng.reporters.JUnitReportReporter -->
<testsuite skipped="0" hostname="DESKTOP-CSNSMDB" name="org.fiservTests.com.GooleSearchItemTest" tests="1" failures="0" timestamp="2021-08-24T22:05:59 IST" time="7.251" errors="0">
  <testcase name="googleSearchItemTest" time="7.251" classname="org.fiservTests.com.GooleSearchItemTest"/>
  <system-out/>
</testsuite> <!-- org.fiservTests.com.GooleSearchItemTest -->
